Removed Pin From Net: NetName=GND Pin=VR1-C1
Removed Pin From Net: NetName=GND Pin=VR1-D1
Removed Pin From Net: NetName=GND Pin=VR1-E1
Removed Pin From Net: NetName=GND Pin=VR1-MH1
Removed Pin From Net: NetName=GND Pin=VR1-MH2
Removed Member From Class: ClassName=RotaryDebouncerTop Member=VR1
Added Component: Designator=P1(JST-B3B-PH-K-S-3_V)
Add component (AddParameter): Name = "Datasheet URL"; Value = "https://datasheet.ciiva.com/11746/0900766b80826550-11746939.pdf"; VariantName = "[No Variations]"
Add component (AddParameter): Name = "Datasheet Version"; Value = "Oct-06"; VariantName = "[No Variations]"
Add component (AddParameter): Name = "Manufacturer"; Value = "JST"; VariantName = "[No Variations]"
Add component (AddParameter): Name = "Manufacturer URL"; Value = "http://www.jst.com/home2.html"; VariantName = "[No Variations]"
Add component (AddParameter): Name = "No of Positions"; Value = "3"; VariantName = "[No Variations]"
Add component (AddParameter): Name = "Pitch"; Value = "2mm"; VariantName = "[No Variations]"
Add component (AddParameter): Name = "Style/Orientation"; Value = "StraightHeader/Plug"; VariantName = "[No Variations]"
Add component (AddParameter): Name = "Termination"; Value = "Crimp"; VariantName = "[No Variations]"
Add component (AddParameter): Name = "Type"; Value = "ShroudedHeader"; VariantName = "[No Variations]"
Added Pin To Net: NetName=GND Pin=P1-2
Added Pin To Net: NetName=NetP1_1 Pin=P1-1
Added Pin To Net: NetName=NetP1_1 Pin=R1_U_RotaryDebouncer1-1
Added Pin To Net: NetName=NetP1_1 Pin=R3_U_RotaryDebouncer1-3
Added Net: Name=NetP1_1
Added Pin To Net: NetName=NetP1_3 Pin=P1-3
Added Pin To Net: NetName=NetP1_3 Pin=R1_U_RotaryDebouncer2-1
Added Pin To Net: NetName=NetP1_3 Pin=R3_U_RotaryDebouncer2-3
Added Net: Name=NetP1_3
Added Member To Class: ClassName=RotaryDebouncerTop Member=Component P1 B3B-PH-K-S(LF)(SN)
